e:\luacl\release\vc120.pdb
e:\luacl\release\lparser.obj
e:\luacl\release\lopcodes.obj
e:\luacl\release\llex.obj
e:\luacl\release\lbaselib.obj
e:\luacl\release\lapi.obj
e:\luacl\release\loslib.obj
e:\luacl\release\lobject.obj
e:\luacl\release\loadlib.obj
e:\luacl\release\lmem.obj
e:\luacl\release\lmathlib.obj
e:\luacl\release\liolib.obj
e:\luacl\release\linit.obj
e:\luacl\release\lgc.obj
e:\luacl\release\lfunc.obj
e:\luacl\release\ldump.obj
e:\luacl\release\ldo.obj
e:\luacl\release\ldebug.obj
e:\luacl\release\ldblib.obj
e:\luacl\release\lcode.obj
e:\luacl\release\lauxlib.obj
e:\luacl\release\print.obj
e:\luacl\release\lzio.obj
e:\luacl\release\lvm.obj
e:\luacl\release\lundump.obj
e:\luacl\release\ltm.obj
e:\luacl\release\ltablib.obj
e:\luacl\release\ltable.obj
e:\luacl\release\lstrlib.obj
e:\luacl\release\lstring.obj
e:\luacl\release\lstate.obj
e:\luacl\release\luacl_info.obj
e:\luacl\release\luacl_api.obj
e:\luacl\release\luacl.obj
e:\luacl\release\luacl.exe
e:\luacl\release\luacl.pdb
e:\luacl\release\luacl.tlog\cl.command.1.tlog
e:\luacl\release\luacl.tlog\cl.read.1.tlog
e:\luacl\release\luacl.tlog\cl.write.1.tlog
e:\luacl\release\luacl.tlog\link.command.1.tlog
e:\luacl\release\luacl.tlog\link.read.1.tlog
e:\luacl\release\luacl.tlog\link.write.1.tlog
