生成启动时间为 7/17/2014 9:05:20 PM。
     1>项目“E:\LuaCL\LuaCL.vcxproj”在节点 2 上(Build 个目标)。
     1>ClCompile:
         E:\Program Files (x86)\Microsoft Visual Studio 12.0\VC\bin\CL.exe /c /Zi /nologo /W3 /WX- /sdl /O2 /Oi /Oy- /GL /D WIN32 /D NDEBUG /D _CONSOLE /D _LIB /D _CRT_SECURE_NO_WARNINGS /D _UNICODE /D UNICODE /Gm- /EHsc /MD /GS /Gy /fp:precise /Zc:wchar_t /Zc:forScope /Fo"Release\\" /Fd"Release\vc120.pdb" /Gd /TC /analyze- /errorReport:prompt "lua-5.1.4\src\lapi.c" "lua-5.1.4\src\lauxlib.c" "lua-5.1.4\src\lbaselib.c" "lua-5.1.4\src\lcode.c" "lua-5.1.4\src\ldblib.c" "lua-5.1.4\src\ldebug.c" "lua-5.1.4\src\ldo.c" "lua-5.1.4\src\ldump.c" "lua-5.1.4\src\lfunc.c" "lua-5.1.4\src\lgc.c" "lua-5.1.4\src\linit.c" "lua-5.1.4\src\liolib.c" "lua-5.1.4\src\llex.c" "lua-5.1.4\src\lmathlib.c" "lua-5.1.4\src\lmem.c" "lua-5.1.4\src\loadlib.c" "lua-5.1.4\src\lobject.c" "lua-5.1.4\src\lopcodes.c" "lua-5.1.4\src\loslib.c" "lua-5.1.4\src\lparser.c" "lua-5.1.4\src\lstate.c" "lua-5.1.4\src\lstring.c" "lua-5.1.4\src\lstrlib.c" "lua-5.1.4\src\ltable.c" "lua-5.1.4\src\ltablib.c" "lua-5.1.4\src\ltm.c" "lua-5.1.4\src\lundump.c" "lua-5.1.4\src\lvm.c" "lua-5.1.4\src\lzio.c" "lua-5.1.4\src\print.c"
         lapi.c
         lauxlib.c
         lbaselib.c
         lcode.c
         ldblib.c
         ldebug.c
         ldo.c
         ldump.c
         lfunc.c
         lgc.c
         linit.c
         liolib.c
         llex.c
         lmathlib.c
         lmem.c
         loadlib.c
         lobject.c
         lopcodes.c
         loslib.c
         lparser.c
         正在编译...
         lstate.c
         lstring.c
         lstrlib.c
         ltable.c
         ltablib.c
         ltm.c
         lundump.c
         lvm.c
         lzio.c
         print.c
         E:\Program Files (x86)\Microsoft Visual Studio 12.0\VC\bin\CL.exe /c /Zi /nologo /W3 /WX- /sdl /O2 /Oi /Oy- /GL /D WIN32 /D NDEBUG /D _CONSOLE /D _LIB /D _CRT_SECURE_NO_WARNINGS /D _UNICODE /D UNICODE /Gm- /EHsc /MD /GS /Gy /fp:precise /Zc:wchar_t /Zc:forScope /Fo"Release\\" /Fd"Release\vc120.pdb" /Gd /TP /analyze- /errorReport:prompt src\LuaCL.cpp src\luacl_api.cpp src\luacl_info.cpp
         LuaCL.cpp
         luacl_api.cpp
         luacl_info.cpp
       Link:
         E:\Program Files (x86)\Microsoft Visual Studio 12.0\VC\bin\link.exe /ERRORREPORT:PROMPT /OUT:"E:\LuaCL\Release\LuaCL.exe" /INCREMENTAL:NO /NOLOGO /LIBPATH:"C:\Program Files (x86)\AMD APP SDK\2.9\\lib\x86\\" /LIBPATH:\lib\Win32\ OpenCL.lib kernel32.lib user32.lib gdi32.lib winspool.lib comdlg32.lib advapi32.lib shell32.lib ole32.lib oleaut32.lib uuid.lib odbc32.lib odbccp32.lib /MANIFEST /MANIFESTUAC:"level='asInvoker' uiAccess='false'" /manifest:embed /DEBUG /PDB:"E:\LuaCL\Release\LuaCL.pdb" /SUBSYSTEM:CONSOLE /OPT:REF /OPT:ICF /LTCG /TLBID:1 /DYNAMICBASE /NXCOMPAT /IMPLIB:"E:\LuaCL\Release\LuaCL.lib" /MACHINE:X86 /SAFESEH Release\lapi.obj
         Release\lauxlib.obj
         Release\lbaselib.obj
         Release\lcode.obj
         Release\ldblib.obj
         Release\ldebug.obj
         Release\ldo.obj
         Release\ldump.obj
         Release\lfunc.obj
         Release\lgc.obj
         Release\linit.obj
         Release\liolib.obj
         Release\llex.obj
         Release\lmathlib.obj
         Release\lmem.obj
         Release\loadlib.obj
         Release\lobject.obj
         Release\lopcodes.obj
         Release\loslib.obj
         Release\lparser.obj
         Release\lstate.obj
         Release\lstring.obj
         Release\lstrlib.obj
         Release\ltable.obj
         Release\ltablib.obj
         Release\ltm.obj
         Release\lundump.obj
         Release\lvm.obj
         Release\lzio.obj
         Release\print.obj
         Release\LuaCL.obj
         Release\luacl_api.obj
         Release\luacl_info.obj
         正在生成代码
         已完成代码的生成
         LuaCL.vcxproj -> E:\LuaCL\Release\LuaCL.exe
     1>已完成生成项目“E:\LuaCL\LuaCL.vcxproj”(Build 个目标)的操作。

生成成功。

已用时间 00:00:04.22
